<?xml version="1.0" encoding="UTF-8"?>
<coverage generated="1571091584488" clover="3.2.0">
  <project timestamp="1571091584488" name="All files">
    <metrics statements="18" coveredstatements="7" conditionals="9" coveredconditionals="1" methods="6" coveredmethods="1" elements="33" coveredelements="9" complexity="0" loc="18" ncloc="18" packages="1" files="1" classes="1"/>
    <file name="validation.js" path="C:\Users\redli\Desktop\Proyectos\SocialNetwork\SCL011-Social-Network\src\assets\js\validation.js">
      <metrics statements="18" coveredstatements="7" conditionals="9" coveredconditionals="1" methods="6" coveredmethods="1"/>
      <line num="2" count="1" type="stmt"/>
      <line num="4" count="0" type="stmt"/>
      <line num="6" count="0" type="stmt"/>
      <line num="8" count="0" type="stmt"/>
      <line num="9" count="0" type="stmt"/>
      <line num="19" count="1" type="stmt"/>
      <line num="20" count="0" type="cond" truecount="0" falsecount="5"/>
      <line num="21" count="0" type="stmt"/>
      <line num="24" count="0" type="stmt"/>
      <line num="30" count="1" type="stmt"/>
      <line num="31" count="1" type="stmt"/>
      <line num="32" count="1" type="cond" truecount="1" falsecount="1"/>
      <line num="33" count="0" type="stmt"/>
      <line num="36" count="1" type="stmt"/>
      <line num="42" count="1" type="stmt"/>
      <line num="43" count="0" type="cond" truecount="0" falsecount="2"/>
      <line num="44" count="0" type="stmt"/>
      <line num="47" count="0" type="stmt"/>
    </file>
  </project>
</coverage>
