{"C:\\Users\\redli\\Desktop\\Proyectos\\SocialNetwork\\SCL011-Social-Network\\src\\assets\\js\\validation.js": {"path":"C:\\Users\\redli\\Desktop\\Proyectos\\SocialNetwork\\SCL011-Social-Network\\src\\assets\\js\\validation.js","statementMap":{"0":{"start":{"line":2,"column":26},"end":{"line":15,"column":1}},"1":{"start":{"line":4,"column":15},"end":{"line":4,"column":42}},"2":{"start":{"line":6,"column":4},"end":{"line":13,"column":7}},"3":{"start":{"line":8,"column":6},"end":{"line":8,"column":56}},"4":{"start":{"line":9,"column":6},"end":{"line":9,"column":37}},"5":{"start":{"line":19,"column":27},"end":{"line":26,"column":1}},"6":{"start":{"line":20,"column":2},"end":{"line":25,"column":3}},"7":{"start":{"line":21,"column":2},"end":{"line":21,"column":13}},"8":{"start":{"line":24,"column":4},"end":{"line":24,"column":16}},"9":{"start":{"line":30,"column":25},"end":{"line":38,"column":1}},"10":{"start":{"line":31,"column":13},"end":{"line":31,"column":29}},"11":{"start":{"line":32,"column":2},"end":{"line":37,"column":1}},"12":{"start":{"line":33,"column":6},"end":{"line":33,"column":17}},"13":{"start":{"line":36,"column":2},"end":{"line":36,"column":14}},"14":{"start":{"line":42,"column":29},"end":{"line":49,"column":1}},"15":{"start":{"line":43,"column":2},"end":{"line":48,"column":1}},"16":{"start":{"line":44,"column":6},"end":{"line":44,"column":17}},"17":{"start":{"line":47,"column":2},"end":{"line":47,"column":14}}},"fnMap":{"0":{"name":"(anonymous_0)","decl":{"start":{"line":2,"column":26},"end":{"line":2,"column":27}},"loc":{"start":{"line":2,"column":31},"end":{"line":15,"column":1}},"line":2},"1":{"name":"(anonymous_1)","decl":{"start":{"line":6,"column":38},"end":{"line":6,"column":39}},"loc":{"start":{"line":6,"column":49},"end":{"line":11,"column":5}},"line":6},"2":{"name":"(anonymous_2)","decl":{"start":{"line":11,"column":13},"end":{"line":11,"column":14}},"loc":{"start":{"line":11,"column":29},"end":{"line":13,"column":5}},"line":11},"3":{"name":"(anonymous_3)","decl":{"start":{"line":19,"column":27},"end":{"line":19,"column":28}},"loc":{"start":{"line":19,"column":52},"end":{"line":26,"column":1}},"line":19},"4":{"name":"(anonymous_4)","decl":{"start":{"line":30,"column":25},"end":{"line":30,"column":26}},"loc":{"start":{"line":30,"column":35},"end":{"line":38,"column":1}},"line":30},"5":{"name":"(anonymous_5)","decl":{"start":{"line":42,"column":29},"end":{"line":42,"column":30}},"loc":{"start":{"line":42,"column":42},"end":{"line":49,"column":1}},"line":42}},"branchMap":{"0":{"loc":{"start":{"line":20,"column":2},"end":{"line":25,"column":3}},"type":"if","locations":[{"start":{"line":20,"column":2},"end":{"line":25,"column":3}},{"start":{"line":20,"column":2},"end":{"line":25,"column":3}}],"line":20},"1":{"loc":{"start":{"line":20,"column":6},"end":{"line":20,"column":48}},"type":"binary-expr","locations":[{"start":{"line":20,"column":6},"end":{"line":20,"column":17}},{"start":{"line":20,"column":21},"end":{"line":20,"column":34}},{"start":{"line":20,"column":38},"end":{"line":20,"column":48}}],"line":20},"2":{"loc":{"start":{"line":32,"column":2},"end":{"line":37,"column":1}},"type":"if","locations":[{"start":{"line":32,"column":2},"end":{"line":37,"column":1}},{"start":{"line":32,"column":2},"end":{"line":37,"column":1}}],"line":32},"3":{"loc":{"start":{"line":43,"column":2},"end":{"line":48,"column":1}},"type":"if","locations":[{"start":{"line":43,"column":2},"end":{"line":48,"column":1}},{"start":{"line":43,"column":2},"end":{"line":48,"column":1}}],"line":43}},"s":{"0":1,"1":0,"2":0,"3":0,"4":0,"5":1,"6":0,"7":0,"8":0,"9":1,"10":1,"11":1,"12":0,"13":1,"14":1,"15":0,"16":0,"17":0},"f":{"0":0,"1":0,"2":0,"3":0,"4":1,"5":0},"b":{"0":[0,0],"1":[0,0,0],"2":[0,1],"3":[0,0]},"_coverageSchema":"43e27e138ebf9cfc5966b082cf9a028302ed4184","hash":"242d67e18c8bb2852438d90fafdfddc31e197533"}
}
