TN:
SF:C:\Users\redli\Desktop\Proyectos\SocialNetwork\SCL011-Social-Network\src\assets\js\validation.js
FN:2,(anonymous_0)
FN:6,(anonymous_1)
FN:11,(anonymous_2)
FN:19,(anonymous_3)
FN:30,(anonymous_4)
FN:42,(anonymous_5)
FNF:6
FNH:3
FNDA:0,(anonymous_0)
FNDA:0,(anonymous_1)
FNDA:0,(anonymous_2)
FNDA:2,(anonymous_3)
FNDA:2,(anonymous_4)
FNDA:2,(anonymous_5)
DA:2,1
DA:4,0
DA:6,0
DA:8,0
DA:9,0
DA:19,1
DA:20,2
DA:21,1
DA:24,1
DA:30,1
DA:31,2
DA:32,2
DA:33,1
DA:36,1
DA:42,1
DA:43,2
DA:44,1
DA:47,1
LF:18
LH:14
BRDA:20,0,0,1
BRDA:20,0,1,1
BRDA:20,1,0,2
BRDA:20,1,1,2
BRDA:20,1,2,2
BRDA:32,2,0,1
BRDA:32,2,1,1
BRDA:43,3,0,1
BRDA:43,3,1,1
BRF:9
BRH:9
end_of_record
